SF:lib/blocs/exercise/exercise_bloc.dart
DA:27,2
DA:28,4
DA:29,4
DA:30,2
DA:31,1
DA:32,2
DA:33,2
DA:34,2
DA:35,2
DA:36,4
DA:37,4
DA:38,2
DA:39,2
DA:40,2
DA:41,2
DA:42,4
DA:43,2
DA:44,2
DA:45,2
DA:46,2
DA:47,2
DA:48,2
DA:49,2
DA:52,2
DA:53,1
DA:54,2
DA:57,2
DA:58,1
DA:59,2
DA:63,6
DA:65,2
DA:66,2
DA:67,2
DA:68,4
DA:72,2
DA:73,2
DA:76,2
DA:77,1
DA:79,1
DA:80,1
DA:82,1
DA:83,1
DA:84,1
DA:85,1
DA:86,1
DA:87,1
DA:88,2
DA:90,1
DA:92,1
DA:93,1
DA:95,2
DA:96,1
DA:99,1
DA:100,1
DA:103,1
DA:104,1
DA:109,2
DA:110,4
DA:112,4
DA:113,1
DA:115,1
DA:116,1
DA:118,1
DA:120,1
DA:121,2
DA:122,1
DA:124,3
DA:126,1
DA:127,1
DA:128,1
DA:129,3
DA:130,1
DA:132,2
DA:134,1
DA:136,3
DA:137,3
DA:138,3
DA:140,1
DA:141,1
DA:142,1
DA:144,1
DA:146,2
DA:151,1
DA:152,1
DA:155,2
DA:156,2
DA:162,2
DA:163,1
DA:164,3
DA:165,1
DA:166,2
DA:167,0
DA:168,0
DA:172,0
DA:177,6
DA:178,1
DA:179,1
DA:180,2
DA:182,1
DA:183,1
DA:184,2
DA:186,3
DA:187,1
DA:188,1
LF:104
LH:101
end_of_record
SF:lib/blocs/exercise/exercise_event.dart
DA:5,3
DA:6,3
DA:16,2
DA:22,1
DA:23,1
DA:24,1
DA:25,1
LF:7
LH:7
end_of_record
SF:lib/blocs/exercise/exercise_state.dart
DA:5,1
DA:6,1
DA:16,2
DA:21,1
DA:22,3
LF:5
LH:5
end_of_record
SF:lib/blocs/translation/translation_state.dart
DA:5,38
DA:6,1
DA:7,1
DA:11,36
DA:15,37
DA:19,3
DA:25,1
DA:26,1
DA:27,1
DA:28,1
DA:33,3
DA:39,1
DA:40,1
DA:41,1
DA:42,1
LF:15
LH:15
end_of_record
SF:lib/blocs/translation/translation_event.dart
DA:5,1
DA:7,0
DA:8,0
DA:12,1
DA:18,0
DA:19,0
DA:20,0
DA:21,0
LF:8
LH:2
end_of_record
SF:lib/blocs/translation/translation_bloc.dart
DA:11,2
DA:12,2
DA:13,1
DA:14,1
DA:16,1
DA:17,1
DA:18,2
DA:19,2
DA:21,3
LF:9
LH:9
end_of_record
SF:lib/models/noun.dart
DA:11,5
DA:32,5
DA:33,5
DA:34,5
DA:36,5
DA:37,5
DA:38,5
DA:39,5
DA:41,5
DA:43,10
DA:46,1
DA:48,5
DA:56,5
DA:57,5
DA:58,10
DA:59,5
DA:60,5
DA:61,5
DA:62,5
DA:63,5
DA:64,5
DA:65,5
DA:66,5
DA:67,5
DA:68,5
DA:69,5
DA:70,5
DA:71,5
DA:72,5
DA:75,5
DA:84,2
DA:85,2
DA:86,6
DA:87,4
DA:88,6
DA:89,6
DA:90,6
DA:91,6
DA:92,6
DA:93,6
DA:94,6
DA:95,6
DA:96,6
DA:97,6
DA:98,6
DA:99,6
DA:100,8
DA:101,8
DA:102,8
DA:103,4
DA:104,4
DA:105,4
DA:106,4
DA:107,4
DA:108,4
DA:111,2
DA:112,2
DA:113,2
DA:114,2
DA:115,2
DA:116,2
DA:117,2
DA:118,2
DA:119,2
DA:123,5
DA:149,5
DA:150,10
DA:151,5
DA:165,5
DA:166,5
DA:167,5
DA:177,1
DA:201,2
DA:202,1
DA:216,0
DA:217,0
DA:218,0
LF:77
LH:74
end_of_record
SF:lib/screens/settings/enabled_exercises/exercise_section.dart
DA:5,5
DA:6,4
DA:12,5
DA:13,5
DA:14,5
DA:15,5
DA:16,5
DA:18,9
DA:22,5
DA:23,5
DA:24,13
DA:26,15
DA:28,7
DA:29,5
DA:30,5
DA:32,3
LF:16
LH:16
end_of_record
SF:lib/services/enabled_exercises_service.dart
DA:6,2
DA:11,1
DA:12,1
DA:13,1
DA:14,0
DA:17,2
DA:18,2
DA:19,2
DA:20,4
DA:24,1
DA:25,1
DA:26,1
DA:27,2
DA:28,2
DA:30,1
DA:33,1
DA:34,1
DA:35,1
DA:36,2
DA:38,2
DA:40,1
DA:43,1
DA:45,2
DA:47,1
DA:48,1
DA:49,1
DA:51,1
DA:54,2
DA:56,1
LF:29
LH:28
end_of_record
SF:lib/services/navigation_service.dart
DA:6,1
DA:7,1
DA:9,1
DA:10,1
DA:17,1
DA:18,1
DA:20,1
DA:21,1
LF:8
LH:8
end_of_record
SF:lib/services/statistics_service.dart
DA:6,1
DA:11,1
DA:12,1
DA:14,0
DA:15,0
DA:16,0
DA:17,0
DA:25,1
DA:26,1
DA:27,3
DA:30,1
DA:34,1
DA:35,1
DA:36,3
DA:39,1
DA:43,1
DA:45,1
DA:46,2
DA:47,1
DA:49,2
DA:51,1
DA:54,1
DA:60,2
DA:61,1
DA:62,2
DA:63,1
DA:64,2
DA:65,1
DA:70,1
DA:74,1
LF:30
LH:26
end_of_record
SF:lib/services/theme_service.dart
DA:6,2
DA:11,2
DA:12,6
DA:13,2
DA:16,2
DA:17,2
DA:18,4
DA:19,1
LF:8
LH:8
end_of_record
SF:lib/services/translation_service.dart
DA:9,1
DA:10,0
DA:14,1
DA:15,1
DA:16,3
DA:18,4
DA:19,2
DA:22,2
DA:23,1
DA:25,1
DA:26,1
DA:27,1
DA:28,3
DA:30,1
DA:34,1
DA:38,4
DA:39,2
LF:17
LH:16
end_of_record
SF:lib/utilities/db_helper.dart
DA:12,0
DA:13,0
DA:14,0
DA:16,0
DA:20,0
DA:25,0
DA:27,0
DA:30,0
DA:33,0
DA:36,1
DA:38,3
DA:40,1
DA:41,1
DA:42,1
DA:43,2
DA:45,1
DA:47,1
DA:54,1
DA:55,2
DA:56,1
DA:58,1
DA:63,1
DA:65,3
DA:67,1
DA:68,1
DA:69,1
DA:70,2
DA:72,1
DA:74,1
DA:101,4
DA:104,1
LF:31
LH:22
end_of_record
SF:lib/utilities/exercise_helper.dart
DA:12,9
DA:14,3
DA:16,6
DA:17,3
DA:18,6
DA:19,6
DA:22,1
DA:23,2
DA:25,9
DA:31,3
DA:35,6
DA:36,6
DA:37,15
DA:38,3
DA:39,6
DA:40,3
DA:41,3
DA:42,6
DA:43,3
DA:45,3
DA:46,6
DA:47,6
DA:48,6
DA:49,3
DA:55,3
DA:56,3
DA:57,3
DA:60,2
DA:61,2
DA:67,3
DA:68,3
DA:69,3
DA:70,3
DA:71,1
DA:72,3
DA:81,3
DA:84,3
DA:89,6
DA:91,9
DA:93,9
DA:94,3
DA:96,9
DA:97,6
DA:98,3
DA:99,3
LF:45
LH:45
end_of_record
SF:lib/utilities/explanation_helper.dart
DA:8,1
DA:12,4
DA:13,1
DA:17,1
DA:18,1
DA:22,1
DA:27,1
DA:28,1
DA:35,1
DA:36,1
DA:40,1
DA:47,1
DA:49,1
DA:50,1
DA:52,1
DA:53,1
DA:58,1
DA:61,1
DA:62,1
DA:64,1
DA:67,1
DA:68,1
DA:70,1
DA:73,1
DA:74,1
DA:76,1
DA:85,1
DA:91,1
DA:92,1
DA:95,3
DA:99,2
DA:100,1
DA:101,2
DA:104,2
DA:105,1
DA:106,2
DA:111,1
DA:112,1
DA:113,1
DA:114,1
DA:116,3
DA:117,2
DA:118,2
DA:120,1
DA:121,2
DA:122,1
DA:123,1
DA:125,1
DA:127,1
DA:130,1
DA:131,4
DA:132,1
DA:133,1
DA:135,2
DA:138,2
DA:143,1
DA:144,4
DA:145,1
DA:146,1
DA:148,2
DA:151,2
DA:156,1
DA:157,4
DA:158,1
DA:159,1
DA:161,2
DA:164,1
DA:165,1
DA:168,1
DA:170,2
DA:173,2
DA:178,1
DA:179,4
DA:180,1
DA:181,1
DA:183,2
DA:186,2
DA:187,1
DA:196,1
DA:197,4
DA:198,1
DA:199,1
DA:201,2
DA:204,2
DA:209,1
DA:210,4
DA:211,1
DA:212,1
DA:214,2
DA:217,1
DA:218,4
DA:219,1
DA:220,1
DA:222,1
DA:223,2
DA:224,2
DA:227,2
DA:231,2
DA:236,1
DA:237,4
DA:238,1
DA:239,1
DA:241,1
DA:242,2
DA:243,2
DA:246,2
DA:250,2
DA:255,1
DA:256,4
DA:257,1
DA:258,1
DA:260,2
DA:263,2
DA:268,1
DA:269,4
DA:270,1
DA:271,1
DA:273,1
DA:274,2
DA:275,2
DA:278,2
DA:282,2
DA:287,1
DA:288,4
DA:289,1
DA:290,1
DA:292,1
DA:293,2
DA:294,2
DA:297,2
DA:301,2
DA:306,1
DA:307,4
DA:308,1
DA:309,1
DA:311,2
DA:314,1
DA:315,4
DA:316,1
DA:317,1
DA:319,2
DA:322,2
DA:327,1
DA:328,4
DA:329,1
DA:330,1
DA:332,2
DA:335,2
DA:340,1
DA:341,4
DA:342,1
DA:343,1
DA:345,2
DA:346,1
DA:348,1
DA:349,4
DA:350,1
DA:351,1
DA:353,2
DA:356,1
DA:357,1
DA:359,1
DA:360,1
DA:363,2
DA:368,1
DA:369,4
DA:370,1
DA:371,1
DA:373,2
DA:376,2
DA:381,1
DA:382,4
DA:383,1
DA:384,1
DA:386,2
DA:389,1
DA:390,4
DA:391,1
DA:392,1
DA:394,2
DA:397,2
DA:402,1
DA:403,4
DA:404,1
DA:405,1
DA:407,2
DA:410,2
DA:415,1
DA:416,4
DA:417,1
DA:418,1
DA:421,2
DA:422,1
DA:425,2
DA:426,1
DA:429,1
DA:431,2
DA:434,2
DA:439,1
DA:440,4
DA:441,1
DA:442,1
DA:444,2
DA:447,2
DA:452,1
DA:453,4
DA:454,1
DA:455,1
DA:457,2
DA:460,2
DA:465,1
DA:466,4
DA:467,1
DA:468,1
DA:470,2
DA:473,2
DA:476,2
DA:479,2
DA:484,1
DA:485,2
DA:486,1
DA:487,1
DA:489,2
DA:492,2
DA:495,2
DA:498,2
DA:501,2
DA:506,1
DA:507,2
DA:508,1
DA:509,1
DA:511,2
DA:512,2
DA:514,1
DA:517,1
DA:518,4
DA:519,1
DA:520,1
DA:522,2
DA:523,2
DA:525,1
DA:528,1
DA:529,4
DA:530,1
DA:531,1
DA:533,2
DA:534,2
DA:536,1
DA:539,1
DA:540,4
DA:541,1
DA:542,1
DA:544,2
DA:545,2
DA:547,1
DA:550,1
DA:551,4
DA:552,1
DA:553,1
DA:555,2
DA:557,2
DA:558,2
DA:560,1
DA:563,1
DA:564,1
DA:565,1
DA:566,1
DA:568,2
DA:569,2
DA:571,1
DA:574,1
DA:575,1
DA:576,1
DA:577,1
DA:579,2
DA:581,1
DA:583,1
DA:584,1
DA:585,1
DA:586,1
DA:588,2
DA:590,1
DA:592,1
DA:593,1
DA:594,1
DA:595,1
DA:597,2
DA:599,1
DA:601,1
DA:602,1
DA:603,1
DA:604,1
DA:606,2
DA:608,1
DA:610,1
DA:611,1
DA:612,1
DA:613,1
DA:614,2
DA:616,1
DA:618,1
DA:619,4
DA:620,1
DA:621,1
DA:623,2
DA:624,3
DA:628,2
DA:629,1
DA:630,1
DA:631,1
DA:632,1
DA:634,3
DA:635,2
DA:636,1
DA:644,1
DA:645,2
DA:646,1
DA:647,1
DA:648,2
DA:650,1
DA:652,1
DA:653,2
DA:654,1
DA:655,1
DA:658,2
DA:659,1
DA:660,1
DA:665,1
DA:668,1
DA:673,1
DA:674,2
DA:677,2
DA:680,2
DA:683,2
DA:687,1
DA:688,2
DA:689,2
DA:691,5
DA:692,2
DA:696,1
DA:697,2
DA:700,2
DA:705,1
DA:709,1
DA:710,1
DA:711,1
DA:712,1
DA:715,1
DA:720,1
DA:721,2
DA:724,2
DA:727,2
DA:731,1
DA:732,2
DA:735,2
DA:739,1
DA:740,2
DA:743,2
DA:748,1
DA:752,1
DA:753,1
DA:754,1
DA:755,1
DA:758,1
DA:763,1
DA:764,2
DA:767,2
DA:770,2
DA:774,1
DA:775,2
DA:778,2
DA:781,2
DA:785,1
DA:789,1
DA:793,1
DA:794,1
DA:795,1
DA:796,1
DA:799,1
DA:804,1
DA:805,2
DA:808,2
DA:812,1
DA:813,2
DA:816,2
DA:819,2
DA:823,1
DA:824,3
DA:827,2
DA:830,2
DA:835,1
DA:839,1
DA:840,1
DA:841,1
DA:842,1
DA:845,1
DA:850,1
DA:851,2
DA:852,1
DA:860,1
DA:861,2
DA:862,2
DA:864,5
DA:865,2
DA:866,1
DA:869,3
DA:873,1
DA:874,2
DA:875,1
DA:878,1
DA:882,2
DA:883,1
DA:886,2
DA:887,1
DA:892,1
DA:895,1
DA:896,1
DA:897,1
DA:898,1
DA:901,1
DA:906,1
DA:907,2
DA:910,2
DA:911,1
DA:915,1
DA:916,3
DA:919,2
DA:920,1
DA:923,2
DA:924,2
DA:928,1
DA:929,3
DA:932,2
DA:933,1
DA:936,2
DA:937,1
DA:940,3
DA:945,1
DA:949,1
DA:950,1
DA:951,1
DA:952,1
DA:955,1
DA:960,1
DA:961,2
DA:964,2
DA:965,1
DA:968,2
DA:969,1
DA:973,1
DA:974,1
DA:977,3
DA:980,2
DA:981,1
DA:984,2
DA:985,1
DA:989,1
DA:990,1
DA:993,2
DA:994,1
DA:997,2
DA:998,1
DA:1003,1
DA:1006,1
DA:1007,1
DA:1008,1
DA:1009,1
DA:1012,2
DA:1013,1
DA:1016,1
DA:1023,2
DA:1024,1
DA:1025,1
DA:1026,1
DA:1027,1
DA:1028,3
DA:1030,1
DA:1034,1
DA:1035,1
DA:1036,1
DA:1037,1
DA:1040,1
DA:1045,1
DA:1047,1
DA:1050,1
DA:1052,2
DA:1055,2
DA:1058,2
DA:1059,1
DA:1062,2
DA:1063,1
DA:1067,1
DA:1069,1
DA:1072,1
DA:1074,2
DA:1077,1
DA:1080,3
DA:1083,2
DA:1084,1
DA:1087,2
DA:1088,1
DA:1092,1
DA:1094,1
DA:1097,0
DA:1099,2
DA:1104,1
DA:1108,1
DA:1109,1
DA:1110,1
DA:1111,1
DA:1114,2
DA:1115,2
DA:1122,2
DA:1123,1
DA:1124,1
DA:1125,1
DA:1126,1
DA:1127,3
DA:1129,1
DA:1133,1
DA:1134,1
DA:1135,1
DA:1136,1
DA:1138,2
DA:1139,2
DA:1140,3
DA:1142,1
DA:1147,2
DA:1148,1
DA:1149,1
DA:1150,1
DA:1151,0
DA:1152,3
DA:1154,1
DA:1158,1
DA:1159,1
DA:1160,1
DA:1161,1
DA:1163,1
DA:1165,1
DA:1167,1
DA:1169,1
DA:1171,1
LF:543
LH:541
end_of_record
SF:lib/utilities/url_helper.dart
DA:4,1
DA:6,1
DA:7,1
DA:8,4
DA:11,1
DA:12,2
LF:6
LH:6
end_of_record
SF:lib/my_app.dart
DA:11,1
DA:12,1
DA:13,3
DA:18,1
DA:20,1
DA:21,2
DA:22,1
DA:23,1
DA:24,1
DA:25,1
DA:26,1
DA:27,1
DA:30,1
DA:31,1
DA:34,1
LF:15
LH:15
end_of_record
SF:lib/screens/exercise_page.dart
DA:16,9
DA:18,2
DA:20,2
DA:22,2
DA:23,4
DA:24,2
DA:25,3
DA:30,2
DA:32,2
DA:33,2
DA:34,1
DA:35,1
DA:38,0
DA:41,2
DA:42,2
DA:47,2
DA:48,4
DA:51,2
DA:52,2
DA:55,2
DA:57,3
DA:58,1
DA:59,1
DA:65,3
DA:66,1
DA:67,1
DA:73,2
DA:75,3
DA:76,2
DA:77,1
DA:78,1
DA:82,2
DA:83,1
LF:33
LH:32
end_of_record
SF:lib/models/exercise.dart
DA:11,8
DA:18,2
DA:19,4
DA:23,4
DA:27,0
DA:28,0
DA:32,2
DA:33,4
DA:37,4
DA:41,4
DA:47,2
DA:48,2
DA:50,2
DA:51,2
DA:52,2
DA:53,2
LF:16
LH:14
end_of_record
SF:lib/models/word_form.dart
DA:13,8
DA:19,8
DA:20,8
DA:21,16
DA:22,8
DA:23,8
DA:24,8
DA:28,7
DA:29,7
DA:30,14
DA:31,7
DA:32,7
DA:33,7
DA:37,4
DA:38,20
DA:41,6
DA:46,6
DA:47,6
DA:48,6
LF:19
LH:19
end_of_record
SF:lib/widgets/exercise_footer.dart
DA:6,2
DA:14,2
DA:16,2
DA:17,2
DA:19,2
DA:22,2
DA:24,2
DA:29,2
DA:30,2
DA:35,2
DA:36,6
DA:37,2
DA:50,1
DA:51,2
DA:52,1
LF:15
LH:15
end_of_record
SF:lib/widgets/gender_exercise_widget.dart
DA:10,2
DA:17,2
DA:19,4
DA:20,2
DA:22,2
DA:24,2
DA:25,10
DA:27,6
DA:30,2
DA:32,2
DA:33,2
DA:34,4
DA:35,2
DA:36,2
DA:37,2
DA:38,2
DA:40,8
DA:42,2
DA:48,2
LF:19
LH:19
end_of_record
SF:lib/widgets/sentence_exercise_widget.dart
DA:16,2
DA:25,2
DA:27,4
DA:29,2
DA:30,8
DA:32,2
DA:35,2
DA:36,2
DA:37,2
DA:38,2
DA:39,2
DA:40,2
DA:44,2
DA:45,2
DA:46,2
DA:47,8
DA:50,1
DA:51,1
DA:52,1
DA:53,5
DA:57,2
DA:68,2
DA:69,2
DA:71,2
DA:72,2
DA:73,2
DA:77,4
DA:78,2
DA:79,4
DA:81,2
DA:85,2
DA:86,2
DA:89,2
DA:91,0
DA:92,0
DA:98,0
DA:100,0
DA:101,0
DA:102,0
DA:103,0
DA:104,0
DA:126,2
DA:127,2
DA:128,4
DA:129,4
DA:130,4
DA:131,2
DA:135,2
DA:137,2
DA:144,2
DA:145,2
LF:51
LH:43
end_of_record
SF:lib/widgets/uchu_drawer.dart
DA:7,9
DA:9,2
DA:11,2
DA:12,2
DA:13,2
DA:15,2
DA:17,2
DA:18,2
DA:20,2
DA:21,1
DA:22,1
DA:24,2
DA:25,2
DA:27,2
DA:28,1
DA:29,1
DA:31,2
DA:32,2
DA:34,2
DA:35,1
DA:36,1
LF:21
LH:21
end_of_record
SF:lib/models/sentence.dart
DA:12,7
DA:33,7
DA:34,7
DA:36,7
DA:37,7
DA:38,7
DA:39,14
DA:41,7
DA:46,7
DA:47,7
DA:48,7
DA:49,14
DA:51,7
DA:56,7
DA:57,7
DA:58,7
DA:59,7
DA:60,7
DA:61,7
DA:62,7
DA:63,7
DA:64,7
DA:66,7
DA:67,14
DA:68,7
DA:69,7
DA:70,7
DA:71,7
DA:72,7
DA:73,7
DA:74,7
DA:75,7
DA:76,7
DA:77,7
DA:78,7
DA:79,7
DA:80,7
DA:81,7
DA:86,1
DA:87,1
DA:88,3
DA:89,2
DA:90,2
DA:91,2
DA:92,5
DA:93,5
DA:94,1
DA:95,1
DA:96,1
DA:97,1
DA:98,1
DA:99,1
DA:100,2
DA:101,2
DA:102,2
DA:103,2
DA:104,2
DA:105,2
DA:106,2
DA:107,2
DA:108,2
DA:109,2
DA:110,2
DA:111,2
DA:112,3
DA:113,3
DA:114,3
DA:115,2
DA:118,1
DA:119,1
DA:120,1
DA:121,1
DA:122,1
DA:123,1
DA:124,1
DA:125,1
DA:126,1
DA:127,1
DA:131,7
DA:160,7
DA:161,14
DA:162,7
DA:168,7
DA:169,7
DA:170,7
DA:175,7
DA:176,7
DA:181,7
DA:182,7
DA:187,7
DA:188,7
DA:193,7
DA:194,7
DA:199,7
DA:200,7
DA:205,7
DA:206,7
DA:211,7
DA:212,7
DA:217,7
DA:218,7
DA:223,7
DA:224,7
DA:229,7
DA:230,7
DA:235,7
DA:236,7
DA:241,7
DA:242,7
DA:247,7
DA:248,7
DA:253,7
DA:254,7
DA:259,7
DA:260,7
DA:266,7
DA:267,14
DA:269,7
DA:270,7
DA:271,14
DA:272,7
DA:273,14
DA:275,7
DA:285,7
DA:297,7
DA:298,7
DA:299,7
DA:300,7
DA:301,14
LF:129
LH:129
end_of_record
SF:lib/widgets/answer_card.dart
DA:7,5
DA:18,4
DA:20,4
DA:21,4
DA:22,4
DA:23,4
DA:24,4
DA:26,4
DA:31,4
DA:32,4
DA:34,1
DA:35,2
DA:36,1
DA:37,1
DA:41,4
DA:43,4
DA:44,4
LF:17
LH:17
end_of_record
SF:lib/extensions/gender_extension.dart
DA:4,5
DA:6,5
DA:8,4
DA:10,4
DA:12,2
DA:14,2
DA:19,1
DA:21,1
DA:23,0
DA:25,0
DA:27,0
DA:29,0
DA:31,0
DA:34,0
LF:14
LH:8
end_of_record
SF:lib/widgets/translation_widget.dart
DA:6,9
DA:13,1
DA:15,1
DA:17,5
DA:18,1
DA:20,1
DA:22,1
DA:23,1
DA:24,1
DA:26,1
DA:28,2
DA:32,1
DA:33,1
DA:34,1
DA:35,1
DA:36,1
DA:42,2
DA:46,1
LF:18
LH:18
end_of_record
SF:lib/models/word_form_type.dart
DA:67,13
DA:69,13
DA:71,12
DA:73,12
DA:75,12
DA:77,12
DA:79,12
DA:81,12
DA:83,12
DA:85,12
DA:87,12
DA:89,12
DA:91,12
DA:93,12
DA:95,12
DA:97,12
DA:99,12
DA:101,12
DA:103,12
DA:105,12
DA:107,12
DA:109,12
DA:111,12
DA:113,12
DA:115,12
DA:117,12
DA:119,12
DA:121,12
DA:123,12
DA:125,12
DA:127,12
DA:129,12
DA:131,12
DA:133,12
DA:135,12
DA:137,12
DA:139,12
DA:141,12
DA:143,12
DA:145,12
DA:147,12
DA:149,12
DA:151,7
DA:153,7
DA:155,7
DA:157,7
DA:159,7
DA:161,7
DA:163,7
DA:165,7
DA:167,7
DA:169,6
DA:171,6
DA:173,6
DA:175,6
DA:177,6
DA:179,4
DA:181,4
DA:183,4
DA:185,4
DA:187,4
DA:189,4
DA:194,8
DA:196,8
DA:198,8
DA:200,8
DA:202,8
DA:204,8
DA:206,8
DA:208,8
DA:210,8
DA:212,8
DA:214,8
DA:216,8
DA:218,8
DA:220,8
DA:222,8
DA:224,8
DA:226,8
DA:228,8
DA:230,8
DA:232,8
DA:234,8
DA:236,8
DA:238,8
DA:240,8
DA:242,8
DA:244,8
DA:246,8
DA:248,8
DA:250,8
DA:252,8
DA:254,8
DA:256,8
DA:258,8
DA:260,8
DA:262,8
DA:264,8
DA:266,8
DA:268,8
DA:270,8
DA:272,8
DA:274,8
DA:276,8
DA:278,2
DA:280,2
DA:282,2
DA:284,2
DA:286,2
DA:288,2
DA:290,2
DA:292,2
DA:294,2
DA:296,1
DA:298,1
DA:300,1
DA:302,1
DA:304,1
DA:306,1
DA:308,1
DA:310,1
DA:312,1
DA:314,1
DA:316,1
DA:319,0
DA:323,1
DA:325,1
DA:327,1
DA:329,1
DA:331,1
DA:333,1
DA:335,1
DA:337,1
DA:339,1
DA:341,1
DA:343,1
DA:345,1
DA:347,1
DA:349,1
DA:351,1
DA:353,1
DA:355,1
DA:357,1
DA:359,1
DA:361,1
DA:363,1
DA:365,1
DA:367,1
DA:369,1
DA:371,1
DA:373,1
DA:375,1
DA:377,1
DA:379,1
DA:381,1
DA:383,1
DA:385,1
DA:387,1
DA:389,1
DA:391,1
DA:393,1
DA:395,1
DA:397,1
DA:399,1
DA:401,1
DA:403,1
DA:405,1
DA:407,1
DA:409,1
DA:411,1
DA:413,1
DA:415,1
DA:417,1
DA:419,1
DA:421,1
DA:423,1
DA:425,1
DA:427,1
DA:429,1
DA:431,1
DA:433,1
DA:435,1
DA:437,1
DA:439,1
DA:441,1
DA:443,1
DA:445,1
LF:187
LH:186
end_of_record
SF:lib/extensions/iterable_extension.dart
DA:2,1
DA:3,1
DA:6,1
DA:7,1
DA:8,1
DA:9,1
DA:10,1
DA:12,1
LF:8
LH:8
end_of_record
SF:lib/extensions/list_extension.dart
DA:2,3
DA:3,6
DA:4,9
DA:5,6
LF:4
LH:4
end_of_record
SF:lib/extensions/map_string_dynamic_extension.dart
DA:2,12
DA:3,12
DA:4,15
DA:5,24
DA:6,3
DA:10,11
DA:11,11
DA:13,11
DA:15,11
DA:16,1
DA:19,1
DA:20,1
DA:23,22
DA:27,11
DA:29,11
DA:30,11
DA:32,7
DA:33,3
DA:35,3
DA:38,7
DA:39,6
DA:41,3
DA:50,22
DA:51,3
LF:24
LH:24
end_of_record
SF:lib/extensions/string_extension.dart
DA:3,11
DA:7,33
DA:10,3
DA:11,15
LF:4
LH:4
end_of_record
SF:lib/models/question.dart
DA:5,9
DA:18,2
DA:19,2
DA:20,2
DA:21,2
DA:22,2
DA:23,2
DA:24,2
LF:8
LH:8
end_of_record
SF:lib/models/word.dart
DA:9,10
DA:41,10
DA:42,10
DA:43,10
DA:44,10
DA:45,10
DA:46,10
DA:47,10
DA:48,10
DA:49,10
DA:50,10
DA:51,10
DA:53,10
DA:54,10
DA:55,10
DA:56,10
DA:57,10
DA:59,10
DA:60,10
DA:61,10
DA:62,10
DA:63,10
DA:65,10
DA:67,10
DA:69,10
DA:73,1
DA:74,1
DA:75,1
DA:76,1
DA:77,1
DA:78,1
DA:79,1
DA:80,1
DA:81,1
DA:82,1
DA:83,1
DA:84,1
DA:85,1
DA:86,2
DA:87,2
DA:88,2
DA:89,2
DA:92,3
DA:93,3
DA:94,3
DA:95,3
DA:96,3
DA:97,3
DA:98,3
DA:99,3
DA:100,3
DA:101,3
DA:102,3
DA:103,3
DA:104,3
DA:105,3
DA:106,3
DA:107,3
DA:111,1
DA:127,1
DA:128,2
DA:140,1
DA:141,1
DA:142,1
DA:147,1
DA:163,2
DA:175,0
DA:176,0
DA:177,1
LF:69
LH:67
end_of_record
SF:lib/screens/settings/appearance_setting_widget.dart
DA:4,3
DA:16,3
DA:18,3
DA:19,3
DA:20,3
DA:21,3
DA:22,3
DA:23,3
DA:25,3
DA:26,3
DA:28,3
DA:29,3
DA:30,6
DA:32,6
DA:34,3
DA:36,3
DA:37,3
LF:17
LH:17
end_of_record
SF:lib/screens/settings/enabled_exercises/box_drawing_character_widgets/up_and_right_box_drawing_character_widget.dart
DA:4,70
DA:6,2
DA:8,8
DA:9,2
DA:11,2
DA:12,2
DA:14,2
DA:20,2
DA:22,2
DA:24,2
LF:10
LH:10
end_of_record
SF:lib/screens/settings/enabled_exercises/box_drawing_character_widgets/vertical_and_right_box_drawing_character_widget.dart
DA:4,70
DA:6,2
DA:8,8
DA:9,2
DA:11,2
DA:12,2
DA:17,2
DA:19,2
LF:8
LH:8
end_of_record
SF:lib/screens/settings/enabled_exercises/box_drawing_character_widgets/vertical_box_drawing_character_widget.dart
DA:4,70
DA:6,2
DA:8,8
DA:9,2
LF:4
LH:4
end_of_record
SF:lib/screens/settings/enabled_exercises/exercise_cell.dart
DA:9,4
DA:19,2
DA:20,2
DA:24,4
DA:25,2
DA:26,6
DA:27,2
DA:29,2
DA:30,2
DA:31,2
DA:32,4
DA:35,2
DA:37,2
DA:38,2
DA:39,2
DA:40,4
DA:43,1
DA:44,2
DA:45,2
DA:46,1
DA:47,3
DA:51,2
DA:53,2
DA:55,2
DA:58,2
DA:59,2
DA:60,4
DA:61,2
DA:62,2
DA:64,8
DA:65,4
DA:72,2
DA:73,2
DA:74,2
DA:75,2
DA:76,2
DA:77,6
DA:79,2
DA:81,2
DA:82,2
DA:84,2
DA:85,2
DA:86,0
DA:93,1
DA:94,1
DA:95,1
DA:96,3
LF:47
LH:46
end_of_record
SF:lib/screens/settings/enabled_exercises/exercise_sections_widget.dart
DA:6,3
DA:12,3
DA:13,3
DA:17,3
DA:19,3
DA:22,9
DA:23,3
DA:24,3
DA:25,3
DA:26,9
DA:27,15
LF:11
LH:11
end_of_record
SF:lib/screens/settings/enabled_exercises/section_widget.dart
DA:11,4
DA:23,4
DA:24,4
DA:30,16
DA:32,4
DA:34,4
DA:35,4
DA:36,4
DA:37,8
DA:40,4
DA:42,4
DA:43,4
DA:44,4
DA:45,8
DA:48,0
DA:49,0
DA:50,0
DA:54,4
DA:56,12
DA:57,12
DA:58,8
DA:59,4
DA:61,12
DA:62,4
DA:64,4
DA:65,4
DA:67,1
DA:69,2
DA:70,2
DA:71,1
DA:72,1
DA:73,1
DA:75,1
DA:76,2
DA:78,1
DA:81,1
DA:83,1
DA:88,3
DA:89,4
DA:95,4
DA:99,4
DA:100,4
DA:101,4
DA:102,8
DA:103,2
DA:105,4
DA:106,2
DA:107,3
DA:113,4
DA:114,4
DA:115,12
DA:117,16
DA:119,4
DA:120,6
DA:129,9
DA:130,1
DA:132,9
DA:134,12
DA:136,3
DA:137,4
DA:138,3
DA:139,3
DA:141,9
DA:143,12
DA:145,4
DA:147,4
LF:66
LH:63
end_of_record
SF:lib/screens/settings/settings_page.dart
DA:11,36
DA:13,2
DA:14,2
DA:18,2
DA:20,2
DA:21,2
DA:42,35
DA:44,2
DA:46,2
DA:50,2
DA:52,4
DA:53,2
DA:54,2
DA:56,2
DA:58,2
DA:59,8
DA:63,2
DA:65,2
DA:66,2
DA:68,2
DA:69,2
DA:70,6
DA:74,3
DA:75,1
DA:77,2
DA:79,2
DA:80,2
DA:81,6
DA:85,3
DA:86,1
DA:90,2
DA:92,2
DA:93,2
DA:96,2
DA:97,2
DA:99,2
DA:100,0
DA:101,0
DA:102,0
DA:104,0
DA:106,0
DA:107,0
DA:124,35
DA:126,2
DA:128,2
DA:132,2
DA:134,2
DA:136,2
DA:137,2
DA:138,6
DA:142,2
DA:143,2
DA:144,2
DA:146,2
DA:147,2
DA:149,2
DA:150,2
DA:152,2
DA:153,2
DA:154,2
DA:157,2
DA:159,2
DA:160,2
DA:161,2
DA:164,2
DA:166,2
DA:167,2
DA:168,2
DA:171,2
DA:173,2
DA:174,2
DA:175,2
DA:178,2
DA:180,2
DA:181,2
DA:182,2
DA:185,2
DA:187,2
DA:188,2
DA:189,2
DA:194,2
DA:196,2
DA:197,2
DA:199,2
DA:200,2
DA:201,2
DA:204,2
DA:206,2
DA:207,2
DA:208,2
DA:211,2
DA:213,2
DA:214,2
DA:215,2
DA:218,2
DA:220,2
DA:221,2
DA:222,2
DA:223,2
DA:224,2
DA:227,2
DA:229,2
DA:230,2
DA:232,2
DA:234,2
DA:238,2
DA:243,2
DA:245,2
DA:247,2
DA:251,2
DA:258,2
DA:260,2
DA:261,2
DA:262,2
DA:265,2
DA:267,2
DA:268,2
DA:269,2
DA:274,2
DA:276,2
DA:277,2
DA:279,2
DA:280,2
DA:281,2
DA:282,2
DA:283,2
DA:286,2
DA:288,2
DA:289,2
DA:290,2
DA:291,2
DA:292,2
DA:295,2
DA:297,2
DA:298,2
DA:299,2
DA:300,2
DA:301,2
DA:304,2
DA:306,2
DA:307,2
DA:308,2
DA:309,2
DA:310,2
DA:313,2
DA:315,2
DA:316,2
DA:317,2
DA:318,2
DA:319,2
DA:322,2
DA:324,2
DA:325,2
DA:326,2
DA:327,2
DA:328,2
DA:335,2
DA:337,2
DA:338,2
DA:339,2
DA:340,2
LF:161
LH:155
end_of_record
SF:lib/screens/statistics/duration_radio_button.dart
DA:4,2
DA:16,2
DA:18,2
DA:19,2
DA:25,2
DA:28,2
DA:29,4
DA:30,2
DA:31,2
DA:32,6
DA:33,2
DA:34,2
DA:35,0
DA:44,8
LF:14
LH:13
end_of_record
SF:lib/screens/statistics/pass_rate_bar.dart
DA:6,4
DA:7,9
DA:10,3
DA:12,3
DA:13,6
DA:15,3
DA:16,3
DA:17,3
DA:18,9
DA:19,3
DA:24,3
DA:25,12
DA:26,3
LF:13
LH:13
end_of_record
SF:lib/screens/statistics/pass_rate_list_tile.dart
DA:5,2
DA:13,2
DA:15,2
DA:16,4
DA:17,2
DA:19,2
DA:21,2
DA:22,2
DA:23,2
DA:26,2
DA:27,8
LF:11
LH:11
end_of_record
SF:lib/screens/statistics/statistics_page.dart
DA:13,36
DA:15,2
DA:16,2
DA:22,1
DA:23,2
DA:24,1
DA:28,2
DA:30,2
DA:31,4
DA:32,1
DA:34,1
DA:35,1
DA:36,3
DA:38,1
DA:39,4
DA:43,2
DA:44,2
DA:45,1
DA:46,1
DA:48,1
DA:50,1
DA:52,1
DA:53,1
DA:56,1
DA:57,1
DA:58,1
DA:59,1
DA:60,1
DA:61,2
DA:63,1
DA:67,1
DA:68,1
DA:70,1
DA:72,1
DA:75,1
DA:76,1
DA:79,1
DA:80,1
DA:82,1
DA:85,1
DA:86,1
DA:88,1
DA:91,1
DA:92,1
DA:94,1
DA:97,1
DA:98,1
DA:100,1
DA:103,1
DA:104,1
DA:107,1
DA:112,1
DA:116,2
DA:126,2
DA:127,1
DA:128,1
DA:129,5
DA:130,1
DA:131,1
DA:132,1
DA:133,1
DA:135,2
DA:137,2
DA:138,1
LF:64
LH:64
end_of_record
