SF:lib\answer_helper.dart
DA:10,9
DA:11,1
DA:14,1
DA:15,3
DA:16,1
DA:17,1
DA:18,3
DA:20,1
DA:22,1
DA:23,2
DA:24,1
DA:26,1
DA:29,3
DA:30,2
DA:34,1
LF:15
LH:15
end_of_record
SF:lib\db_helper.dart
DA:8,0
DA:9,0
DA:10,0
DA:12,0
DA:16,0
DA:21,0
DA:23,0
DA:26,0
DA:29,0
LF:9
LH:0
end_of_record
SF:lib\explanation_helper.dart
DA:5,1
DA:9,4
DA:10,1
DA:14,1
DA:15,1
DA:19,1
DA:24,1
DA:25,1
DA:32,1
DA:33,1
DA:37,1
LF:11
LH:11
end_of_record
SF:lib\models\answer.dart
DA:6,5
DA:17,2
DA:21,2
DA:24,2
DA:26,2
DA:27,2
DA:29,2
DA:34,1
DA:35,1
DA:38,3
DA:41,1
DA:42,1
DA:45,6
DA:49,4
DA:55,1
DA:56,4
DA:64,3
DA:65,3
DA:66,3
DA:67,3
DA:68,3
DA:69,3
LF:22
LH:22
end_of_record
SF:lib\models\noun.dart
DA:11,6
DA:29,6
DA:30,6
DA:31,6
DA:33,6
DA:34,6
DA:35,6
DA:36,6
DA:38,6
DA:39,6
DA:40,6
DA:42,12
DA:43,6
DA:51,3
DA:52,3
DA:53,3
DA:54,6
DA:55,3
DA:56,3
DA:57,3
DA:58,3
DA:59,3
DA:60,6
DA:63,2
DA:64,6
DA:65,6
DA:66,4
DA:69,2
DA:70,2
DA:71,2
DA:72,2
DA:73,2
DA:74,2
DA:75,2
DA:76,2
DA:77,2
DA:81,5
DA:90,10
DA:92,5
DA:102,2
DA:111,4
DA:113,1
LF:42
LH:42
end_of_record
SF:lib\models\word.dart
DA:9,8
DA:41,8
DA:42,8
DA:43,8
DA:44,8
DA:45,8
DA:46,8
DA:47,8
DA:48,8
DA:49,8
DA:50,8
DA:51,8
DA:53,7
DA:54,8
DA:55,8
DA:56,8
DA:57,8
DA:59,8
DA:60,8
DA:61,8
DA:62,8
DA:63,8
DA:65,8
DA:67,8
DA:69,8
DA:73,3
DA:74,3
DA:75,3
DA:76,3
DA:77,3
DA:78,3
DA:79,3
DA:80,3
DA:81,3
DA:82,3
DA:83,3
DA:84,3
DA:85,3
DA:86,6
DA:87,6
DA:88,6
DA:89,6
DA:92,3
DA:93,3
DA:94,3
DA:95,3
DA:96,3
DA:97,3
DA:98,3
DA:99,3
DA:100,3
DA:101,3
DA:102,3
DA:103,3
DA:104,3
DA:105,3
DA:106,3
DA:107,3
DA:111,7
DA:127,7
DA:128,14
DA:140,7
DA:141,7
DA:142,7
DA:147,2
DA:163,4
DA:175,1
DA:176,1
DA:177,1
LF:69
LH:69
end_of_record
SF:lib\exercise_state.dart
DA:5,1
DA:6,1
DA:14,4
DA:21,1
DA:22,1
DA:23,1
DA:24,1
DA:25,1
DA:30,2
DA:35,1
DA:36,3
DA:40,2
DA:45,0
DA:46,0
DA:47,0
DA:48,0
LF:16
LH:12
end_of_record
SF:lib\exercise_bloc.dart
DA:18,1
DA:20,2
DA:21,2
DA:22,1
DA:23,1
DA:25,3
DA:26,1
DA:27,2
DA:31,1
DA:32,2
DA:35,3
DA:37,1
DA:38,1
DA:41,1
DA:44,1
DA:46,1
DA:47,1
DA:53,1
DA:54,1
DA:59,1
DA:60,0
DA:61,0
DA:64,0
LF:23
LH:20
end_of_record
SF:lib\exercise_event.dart
DA:5,3
DA:6,3
DA:14,1
DA:20,1
DA:21,1
DA:22,1
DA:23,1
LF:7
LH:7
end_of_record
SF:lib\extensions\string_extension.dart
DA:3,9
DA:7,27
LF:2
LH:2
end_of_record
SF:lib\extensions\map_string_dynamic_extension.dart
DA:2,9
DA:3,9
DA:4,12
DA:5,18
DA:6,3
DA:10,9
DA:11,9
DA:13,9
DA:15,9
DA:16,1
DA:19,1
DA:20,1
DA:23,18
DA:27,9
DA:29,9
DA:30,9
DA:32,3
DA:33,3
DA:35,3
DA:38,3
DA:39,6
DA:41,3
DA:50,18
DA:51,3
LF:24
LH:24
end_of_record
SF:lib\extensions\gender_extension.dart
DA:4,4
DA:6,4
DA:8,4
DA:10,4
LF:4
LH:4
end_of_record
SF:lib\widgets\exercise_footer.dart
DA:6,2
DA:11,2
DA:13,2
DA:15,2
DA:16,2
DA:17,1
DA:18,1
DA:21,2
DA:25,2
DA:27,2
DA:28,4
DA:29,2
LF:12
LH:12
end_of_record
SF:lib\screens\exercise_page.dart
DA:11,1
DA:13,1
DA:15,1
DA:16,1
DA:17,1
DA:18,1
DA:19,1
DA:23,1
DA:27,1
DA:28,1
DA:30,1
DA:31,2
DA:32,1
DA:35,1
DA:37,1
DA:38,1
DA:39,1
DA:40,1
DA:43,1
DA:44,1
DA:45,2
LF:21
LH:21
end_of_record
SF:lib\widgets\gender_exercise_widget.dart
DA:11,2
DA:18,2
DA:20,2
DA:22,2
DA:24,2
DA:25,6
DA:27,6
DA:30,2
DA:32,2
DA:33,2
DA:34,2
DA:36,3
DA:37,1
DA:38,1
DA:40,1
DA:46,2
DA:47,2
DA:49,3
DA:50,1
DA:51,1
DA:53,1
DA:59,2
DA:60,2
DA:62,3
DA:63,1
DA:64,1
DA:66,1
LF:27
LH:27
end_of_record
SF:lib\widgets\gender_card.dart
DA:9,3
DA:14,9
DA:15,9
DA:23,3
DA:25,3
DA:26,3
DA:28,3
DA:29,2
DA:30,2
DA:35,8
DA:36,8
DA:37,8
DA:39,3
DA:41,3
DA:48,3
DA:49,3
DA:50,3
DA:51,3
DA:52,3
LF:19
LH:19
end_of_record
